c:\users\rwc\onedrive\programming\githublowlevel\emd\processors\emp-64-3000\emp-64-3000\debug\vc142.pdb
c:\users\rwc\onedrive\programming\githublowlevel\emd\processors\emp-64-3000\emp-64-3000\debug\vc142.idb
c:\users\rwc\onedrive\programming\githublowlevel\emd\processors\emp-64-3000\emp-64-3000\debug\ram.obj
c:\users\rwc\onedrive\programming\githublowlevel\emd\processors\emp-64-3000\emp-64-3000\debug\main.obj
c:\users\rwc\onedrive\programming\githublowlevel\emd\processors\emp-64-3000\emp-64-3000\debug\gpu.obj
c:\users\rwc\onedrive\programming\githublowlevel\emd\processors\emp-64-3000\emp-64-3000\debug\emu.obj
c:\users\rwc\onedrive\programming\githublowlevel\emd\processors\emp-64-3000\emp-64-3000\debug\display.obj
c:\users\rwc\onedrive\programming\githublowlevel\emd\processors\emp-64-3000\emp-64-3000\debug\cpu.obj
c:\users\rwc\onedrive\programming\githublowlevel\emd\processors\emp-64-3000\emp-64-3000\debug\codes.obj
c:\users\rwc\onedrive\programming\githublowlevel\emd\processors\emp-64-3000\emp-64-3000\debug\unused.obj
c:\users\rwc\onedrive\programming\githublowlevel\emd\processors\emp-64-3000\debug\emp-64-3000.exe
c:\users\rwc\onedrive\programming\githublowlevel\emd\processors\emp-64-3000\debug\emp-64-3000.ilk
c:\users\rwc\onedrive\programming\githublowlevel\emd\processors\emp-64-3000\debug\emp-64-3000.pdb
c:\users\rwc\onedrive\programming\githublowlevel\emd\processors\emp-64-3000\emp-64-3000\debug\main.obj.enc
c:\users\rwc\onedrive\programming\githublowlevel\emd\processors\emp-64-3000\emp-64-3000\debug\emp-64-3000.tlog\cl.command.1.tlog
c:\users\rwc\onedrive\programming\githublowlevel\emd\processors\emp-64-3000\emp-64-3000\debug\emp-64-3000.tlog\cl.read.1.tlog
c:\users\rwc\onedrive\programming\githublowlevel\emd\processors\emp-64-3000\emp-64-3000\debug\emp-64-3000.tlog\cl.write.1.tlog
c:\users\rwc\onedrive\programming\githublowlevel\emd\processors\emp-64-3000\emp-64-3000\debug\emp-64-3000.tlog\link.command.1.tlog
c:\users\rwc\onedrive\programming\githublowlevel\emd\processors\emp-64-3000\emp-64-3000\debug\emp-64-3000.tlog\link.read.1.tlog
c:\users\rwc\onedrive\programming\githublowlevel\emd\processors\emp-64-3000\emp-64-3000\debug\emp-64-3000.tlog\link.write.1.tlog
